# JRE version: OpenJDK Runtime Environment (8.0_242-b01) (build 1.8.0_242-release-1644-b01)
# Java VM: OpenJDK 64-Bit Server VM (25.242-b01 mixed mode windows-amd64 compressed oops)
Heap:
 PSYoungGen      total 500736K, used 467264K [0x00000000d5580000, 0x0000000100000000, 0x0000000100000000)
  eden space 337408K, 90% used [0x00000000d5580000,0x00000000e7e595c0,0x00000000e9f00000)
  from space 163328K, 99% used [0x00000000e9f00000,0x00000000f3e76af0,0x00000000f3e80000)
  to   space 198144K, 0% used [0x00000000f3e80000,0x00000000f3e80000,0x0000000100000000)
 ParOldGen       total 518144K, used 119720K [0x0000000080000000, 0x000000009fa00000, 0x00000000d5580000)
  object space 518144K, 23% used [0x0000000080000000,0x00000000874ea288,0x000000009fa00000)
 Metaspace       used 201477K, capacity 214825K, committed 215128K, reserved 1236992K
  class space    used 25348K, capacity 27703K, committed 27776K, reserved 1048576K
GC Heap History (10 events):
Event: 13026.963 GC heap before
{Heap before GC invocations=74 (full 7):
 PSYoungGen      total 523264K, used 448582K [0x00000000d5580000, 0x00000000fea80000, 0x0000000100000000)
  eden space 379904K, 100% used [0x00000000d5580000,0x00000000ec880000,0x00000000ec880000)
  from space 143360K, 47% used [0x00000000f5e80000,0x00000000fa191878,0x00000000fea80000)
  to   space 148480K, 0% used [0x00000000ec880000,0x00000000ec880000,0x00000000f5980000)
 ParOldGen       total 518144K, used 78939K [0x0000000080000000, 0x000000009fa00000, 0x00000000d5580000)
  object space 518144K, 15% used [0x0000000080000000,0x0000000084d16dc0,0x000000009fa00000)
 Metaspace       used 140443K, capacity 152126K, committed 152280K, reserved 1181696K
  class space    used 17692K, capacity 19704K, committed 19712K, reserved 1048576K
Event: 13026.999 GC heap after
Heap after GC invocations=74 (full 7):
 PSYoungGen      total 528384K, used 65115K [0x00000000d5580000, 0x00000000fed00000, 0x0000000100000000)
  eden space 379904K, 0% used [0x00000000d5580000,0x00000000d5580000,0x00000000ec880000)
  from space 148480K, 43% used [0x00000000ec880000,0x00000000f0816e28,0x00000000f5980000)
  to   space 141312K, 0% used [0x00000000f6300000,0x00000000f6300000,0x00000000fed00000)
 ParOldGen       total 518144K, used 78947K [0x0000000080000000, 0x000000009fa00000, 0x00000000d5580000)
  object space 518144K, 15% used [0x0000000080000000,0x0000000084d18dc0,0x000000009fa00000)
 Metaspace       used 140443K, capacity 152126K, committed 152280K, reserved 1181696K
  class space    used 17692K, capacity 19704K, committed 19712K, reserved 1048576K
}
Event: 13032.939 GC heap before
{Heap before GC invocations=75 (full 7):
 PSYoungGen      total 528384K, used 445019K [0x00000000d5580000, 0x00000000fed00000, 0x0000000100000000)
  eden space 379904K, 100% used [0x00000000d5580000,0x00000000ec880000,0x00000000ec880000)
  from space 148480K, 43% used [0x00000000ec880000,0x00000000f0816e28,0x00000000f5980000)
  to   space 141312K, 0% used [0x00000000f6300000,0x00000000f6300000,0x00000000fed00000)
 ParOldGen       total 518144K, used 78947K [0x0000000080000000, 0x000000009fa00000, 0x00000000d5580000)
  object space 518144K, 15% used [0x0000000080000000,0x0000000084d18dc0,0x000000009fa00000)
 Metaspace       used 140757K, capacity 152436K, committed 152664K, reserved 1181696K
  class space    used 17701K, capacity 19714K, committed 19840K, reserved 1048576K
Event: 13032.982 GC heap after
Heap after GC invocations=75 (full 7):
 PSYoungGen      total 538624K, used 78404K [0x00000000d5580000, 0x00000000fec00000, 0x0000000100000000)
  eden space 398336K, 0% used [0x00000000d5580000,0x00000000d5580000,0x00000000eda80000)
  from space 140288K, 55% used [0x00000000f6300000,0x00000000faf91260,0x00000000fec00000)
  to   space 139776K, 0% used [0x00000000eda80000,0x00000000eda80000,0x00000000f6300000)
 ParOldGen       total 518144K, used 78955K [0x0000000080000000, 0x000000009fa00000, 0x00000000d5580000)
  object space 518144K, 15% used [0x0000000080000000,0x0000000084d1adc0,0x000000009fa00000)
 Metaspace       used 140757K, capacity 152436K, committed 152664K, reserved 1181696K
  class space    used 17701K, capacity 19714K, committed 19840K, reserved 1048576K
}
Event: 13039.390 GC heap before
{Heap before GC invocations=76 (full 7):
 PSYoungGen      total 538624K, used 476740K [0x00000000d5580000, 0x00000000fec00000, 0x0000000100000000)
  eden space 398336K, 100% used [0x00000000d5580000,0x00000000eda80000,0x00000000eda80000)
  from space 140288K, 55% used [0x00000000f6300000,0x00000000faf91260,0x00000000fec00000)
  to   space 139776K, 0% used [0x00000000eda80000,0x00000000eda80000,0x00000000f6300000)
 ParOldGen       total 518144K, used 78955K [0x0000000080000000, 0x000000009fa00000, 0x00000000d5580000)
  object space 518144K, 15% used [0x0000000080000000,0x0000000084d1adc0,0x000000009fa00000)
 Metaspace       used 152831K, capacity 165054K, committed 165336K, reserved 1193984K
  class space    used 19033K, capacity 21174K, committed 21248K, reserved 1048576K
Event: 13039.489 GC heap after
Heap after GC invocations=76 (full 7):
 PSYoungGen      total 538112K, used 97473K [0x00000000d5580000, 0x0000000100000000, 0x0000000100000000)
  eden space 398336K, 0% used [0x00000000d5580000,0x00000000d5580000,0x00000000eda80000)
  from space 139776K, 69% used [0x00000000eda80000,0x00000000f39b04a8,0x00000000f6300000)
  to   space 144384K, 0% used [0x00000000f7300000,0x00000000f7300000,0x0000000100000000)
 ParOldGen       total 518144K, used 78963K [0x0000000080000000, 0x000000009fa00000, 0x00000000d5580000)
  object space 518144K, 15% used [0x0000000080000000,0x0000000084d1cdc0,0x000000009fa00000)
 Metaspace       used 152831K, capacity 165054K, committed 165336K, reserved 1193984K
  class space    used 19033K, capacity 21174K, committed 21248K, reserved 1048576K
}
Event: 13045.866 GC heap before
{Heap before GC invocations=77 (full 7):
 PSYoungGen      total 538112K, used 495809K [0x00000000d5580000, 0x0000000100000000, 0x0000000100000000)
  eden space 398336K, 100% used [0x00000000d5580000,0x00000000eda80000,0x00000000eda80000)
  from space 139776K, 69% used [0x00000000eda80000,0x00000000f39b04a8,0x00000000f6300000)
  to   space 144384K, 0% used [0x00000000f7300000,0x00000000f7300000,0x0000000100000000)
 ParOldGen       total 518144K, used 78963K [0x0000000080000000, 0x000000009fa00000, 0x00000000d5580000)
  object space 518144K, 15% used [0x0000000080000000,0x0000000084d1cdc0,0x000000009fa00000)
 Metaspace       used 194847K, capacity 207901K, committed 208216K, reserved 1230848K
  class space    used 24707K, capacity 26985K, committed 27008K, reserved 1048576K
Event: 13046.506 GC heap after
Heap after GC invocations=77 (full 7):
 PSYoungGen      total 481792K, used 144359K [0x00000000d5580000, 0x0000000100000000, 0x0000000100000000)
  eden space 337408K, 0% used [0x00000000d5580000,0x00000000d5580000,0x00000000e9f00000)
  from space 144384K, 99% used [0x00000000f7300000,0x00000000ffff9fa0,0x0000000100000000)
  to   space 180736K, 0% used [0x00000000e9f00000,0x00000000e9f00000,0x00000000f4f80000)
 ParOldGen       total 518144K, used 119712K [0x0000000080000000, 0x000000009fa00000, 0x00000000d5580000)
  object space 518144K, 23% used [0x0000000080000000,0x00000000874e8288,0x000000009fa00000)
 Metaspace       used 194847K, capacity 207901K, committed 208216K, reserved 1230848K
  class space    used 24707K, capacity 26985K, committed 27008K, reserved 1048576K
}
Event: 13052.609 GC heap before
{Heap before GC invocations=78 (full 7):
 PSYoungGen      total 481792K, used 481653K [0x00000000d5580000, 0x0000000100000000, 0x0000000100000000)
  eden space 337408K, 99% used [0x00000000d5580000,0x00000000e9ee3510,0x00000000e9f00000)
  from space 144384K, 99% used [0x00000000f7300000,0x00000000ffff9fa0,0x0000000100000000)
  to   space 180736K, 0% used [0x00000000e9f00000,0x00000000e9f00000,0x00000000f4f80000)
 ParOldGen       total 518144K, used 119712K [0x0000000080000000, 0x000000009fa00000, 0x00000000d5580000)
  object space 518144K, 23% used [0x0000000080000000,0x00000000874e8288,0x000000009fa00000)
 Metaspace       used 201308K, capacity 214617K, committed 214872K, reserved 1236992K
  class space    used 25331K, capacity 27687K, committed 27776K, reserved 1048576K
Event: 13052.683 GC heap after
Heap after GC invocations=78 (full 7):
 PSYoungGen      total 500736K, used 163290K [0x00000000d5580000, 0x0000000100000000, 0x0000000100000000)
  eden space 337408K, 0% used [0x00000000d5580000,0x00000000d5580000,0x00000000e9f00000)
  from space 163328K, 99% used [0x00000000e9f00000,0x00000000f3e76af0,0x00000000f3e80000)
  to   space 198144K, 0% used [0x00000000f3e80000,0x00000000f3e80000,0x0000000100000000)
 ParOldGen       total 518144K, used 119720K [0x0000000080000000, 0x000000009fa00000, 0x00000000d5580000)
  object space 518144K, 23% used [0x0000000080000000,0x00000000874ea288,0x000000009fa00000)
 Metaspace       used 201308K, capacity 214617K, committed 214872K, reserved 1236992K
  class space    used 25331K, capacity 27687K, committed 27776K, reserved 1048576K
}

